build_old/outputs/logs/manifest-merger-debug-report.txt
-- Merging decision tree log ---
manifest
ADDED from StudioProjects\epcc-fall-fest\AndroidManifest.xml:23:1-104:12
	package
		ADDED from StudioProjects\epcc-fall-fest\AndroidManifest.xml:24:5-39
	android:versionName
		ADDED from StudioProjects\epcc-fall-fest\AndroidManifest.xml:26:5-30
	android:versionCode
		ADDED from StudioProjects\epcc-fall-fest\AndroidManifest.xml:25:5-28
		INJECTED from StudioProjects\epcc-fall-fest\AndroidManifest.xml
		INJECTED from StudioProjects\epcc-fall-fest\AndroidManifest.xml
	xmlns:android
		ADDED from StudioProjects\epcc-fall-fest\AndroidManifest.xml:23:11-69
uses-sdk
ADDED from StudioProjects\epcc-fall-fest\AndroidManifest.xml:32:5-34:41
MERGED from [epcc-fall-fest:BaseGameUtils:unspecified] AndroidManifest.xml:22:5-24:41
MERGED from [com.android.support:appcompat-v7:20.0.0] AndroidManifest.xml:16:5-42
MERGED from [com.android.support:support-v4:22.2.0] AndroidManifest.xml:20:5-43
MERGED from [com.android.support:support-v4:22.2.0] AndroidManifest.xml:20:5-43
MERGED from [com.google.android.gms:play-services-games:8.1.0] AndroidManifest.xml:18:5-42
MERGED from [com.google.android.gms:play-services-base:8.1.0] AndroidManifest.xml:18:5-42
MERGED from [com.google.android.gms:play-services-basement:8.1.0] AndroidManifest.xml:18:5-42
MERGED from [com.android.support:support-v4:22.2.0] AndroidManifest.xml:20:5-43
MERGED from [com.google.android.gms:play-services-drive:8.1.0] AndroidManifest.xml:18:5-42
MERGED from [com.google.android.gms:play-services-base:8.1.0] AndroidManifest.xml:18:5-42
MERGED from [com.google.android.gms:play-services-basement:8.1.0] AndroidManifest.xml:18:5-42
MERGED from [com.android.support:support-v4:22.2.0] AndroidManifest.xml:20:5-43
MERGED from [com.google.android.gms:play-services-plus:8.1.0] AndroidManifest.xml:18:5-42
MERGED from [com.google.android.gms:play-services-base:8.1.0] AndroidManifest.xml:18:5-42
MERGED from [com.google.android.gms:play-services-basement:8.1.0] AndroidManifest.xml:18:5-42
MERGED from [com.android.support:support-v4:22.2.0] AndroidManifest.xml:20:5-43
	android:targetSdkVersion
		ADDED from StudioProjects\epcc-fall-fest\AndroidManifest.xml:34:9-38
	android:minSdkVersion
		ADDED from StudioProjects\epcc-fall-fest\AndroidManifest.xml:33:9-35
application
ADDED from StudioProjects\epcc-fall-fest\AndroidManifest.xml:57:5-102:19
MERGED from [epcc-fall-fest:BaseGameUtils:unspecified] AndroidManifest.xml:30:5-31:19
MERGED from [com.android.support:appcompat-v7:20.0.0] AndroidManifest.xml:17:5-19
MERGED from [com.android.support:support-v4:22.2.0] AndroidManifest.xml:22:5-20
MERGED from [com.android.support:support-v4:22.2.0] AndroidManifest.xml:22:5-20
MERGED from [com.google.android.gms:play-services-games:8.1.0] AndroidManifest.xml:19:5-20
MERGED from [com.google.android.gms:play-services-basement:8.1.0] AndroidManifest.xml:20:5-24:19
MERGED from [com.android.support:support-v4:22.2.0] AndroidManifest.xml:22:5-20
MERGED from [com.google.android.gms:play-services-drive:8.1.0] AndroidManifest.xml:19:5-20
MERGED from [com.google.android.gms:play-services-basement:8.1.0] AndroidManifest.xml:20:5-24:19
MERGED from [com.android.support:support-v4:22.2.0] AndroidManifest.xml:22:5-20
MERGED from [com.google.android.gms:play-services-plus:8.1.0] AndroidManifest.xml:19:5-20
MERGED from [com.google.android.gms:play-services-basement:8.1.0] AndroidManifest.xml:20:5-24:19
MERGED from [com.android.support:support-v4:22.2.0] AndroidManifest.xml:22:5-20
	android:label
		ADDED from StudioProjects\epcc-fall-fest\AndroidManifest.xml:60:9-41
	android:allowBackup
		ADDED from StudioProjects\epcc-fall-fest\AndroidManifest.xml:58:9-35
	android:icon
		ADDED from StudioProjects\epcc-fall-fest\AndroidManifest.xml:59:9-46
	android:theme
		ADDED from StudioProjects\epcc-fall-fest\AndroidManifest.xml:61:9-46
meta-data#com.google.android.gms.games.APP_ID
ADDED from StudioProjects\epcc-fall-fest\AndroidManifest.xml:63:9-64:46
	android:value
		ADDED from StudioProjects\epcc-fall-fest\AndroidManifest.xml:64:13-43
	android:name
		ADDED from StudioProjects\epcc-fall-fest\AndroidManifest.xml:63:20-70
meta-data#com.google.android.gms.version
ADDED from StudioProjects\epcc-fall-fest\AndroidManifest.xml:65:9-66:68
MERGED from [com.google.android.gms:play-services-basement:8.1.0] AndroidManifest.xml:21:9-23:69
MERGED from [com.google.android.gms:play-services-basement:8.1.0] AndroidManifest.xml:21:9-23:69
MERGED from [com.google.android.gms:play-services-basement:8.1.0] AndroidManifest.xml:21:9-23:69
	android:value
		ADDED from StudioProjects\epcc-fall-fest\AndroidManifest.xml:66:13-66
	android:name
		ADDED from StudioProjects\epcc-fall-fest\AndroidManifest.xml:65:20-65
activity#edu.epcc.epccfallfestapp.controller.Splash
ADDED from StudioProjects\epcc-fall-fest\AndroidManifest.xml:88:9-96:20
	android:screenOrientation
		ADDED from StudioProjects\epcc-fall-fest\AndroidManifest.xml:90:13-49
	android:label
		ADDED from StudioProjects\epcc-fall-fest\AndroidManifest.xml:91:13-45
	android:name
		ADDED from StudioProjects\epcc-fall-fest\AndroidManifest.xml:89:13-46
intent-filter#android.intent.action.MAIN+android.intent.category.LAUNCHER
ADDED from StudioProjects\epcc-fall-fest\AndroidManifest.xml:92:13-95:29
action#android.intent.action.MAIN
ADDED from StudioProjects\epcc-fall-fest\AndroidManifest.xml:93:17-69
	android:name
		ADDED from StudioProjects\epcc-fall-fest\AndroidManifest.xml:93:25-66
category#android.intent.category.LAUNCHER
ADDED from StudioProjects\epcc-fall-fest\AndroidManifest.xml:94:17-77
	android:name
		ADDED from StudioProjects\epcc-fall-fest\AndroidManifest.xml:94:27-74
activity#edu.epcc.epccfallfestapp.controller.MainActivity
ADDED from StudioProjects\epcc-fall-fest\AndroidManifest.xml:98:9-100:51
	android:screenOrientation
		ADDED from StudioProjects\epcc-fall-fest\AndroidManifest.xml:100:13-49
	android:name
		ADDED from StudioProjects\epcc-fall-fest\AndroidManifest.xml:99:13-52
meta-data#unityplayer.ForwardNativeEventsToDalvik
ADDED from [epcc-fall-fest:BaseGameUtils:unspecified] AndroidManifest.xml:26:5-28:32
	android:value
		ADDED from [epcc-fall-fest:BaseGameUtils:unspecified] AndroidManifest.xml:28:9-29
	android:name
		ADDED from [epcc-fall-fest:BaseGameUtils:unspecified] AndroidManifest.xml:27:9-63